c:\users\alec\desktop\alec\vj\kirby2d\kirby\debug\vc120.pdb
c:\users\alec\desktop\alec\vj\kirby2d\kirby\debug\vc120.idb
c:\users\alec\desktop\alec\vj\kirby2d\kirby\debug\scene.obj
c:\users\alec\desktop\alec\vj\kirby2d\kirby\debug\shader.obj
c:\users\alec\desktop\alec\vj\kirby2d\kirby\debug\shaderprogram.obj
c:\users\alec\desktop\alec\vj\kirby2d\kirby\debug\sprite.obj
c:\users\alec\desktop\alec\vj\kirby2d\kirby\debug\tilemap.obj
c:\users\alec\desktop\alec\vj\kirby2d\kirby\debug\game.obj
c:\users\alec\desktop\alec\vj\kirby2d\kirby\debug\main.obj
c:\users\alec\desktop\alec\vj\kirby2d\kirby\debug\player.obj
c:\users\alec\desktop\alec\vj\kirby2d\kirby\debug\texture.obj
c:\users\alec\desktop\alec\vj\kirby2d\debug\kirby.ilk
c:\users\alec\desktop\alec\vj\kirby2d\debug\kirby.exe
c:\users\alec\desktop\alec\vj\kirby2d\debug\kirby.pdb
c:\users\alec\desktop\alec\vj\kirby2d\kirby\debug\kirby.tlog\cl.command.1.tlog
c:\users\alec\desktop\alec\vj\kirby2d\kirby\debug\kirby.tlog\cl.read.1.tlog
c:\users\alec\desktop\alec\vj\kirby2d\kirby\debug\kirby.tlog\cl.write.1.tlog
c:\users\alec\desktop\alec\vj\kirby2d\kirby\debug\kirby.tlog\link.command.1.tlog
c:\users\alec\desktop\alec\vj\kirby2d\kirby\debug\kirby.tlog\link.read.1.tlog
c:\users\alec\desktop\alec\vj\kirby2d\kirby\debug\kirby.tlog\link.write.1.tlog
